<?xml version="1.0" encoding="UTF-8"?>
<!-- Generated by org.testng.reporters.JUnitReportReporter -->
<testsuite hostname="DESKTOP-EC1SC6K" failures="0" tests="1" name="merchant.MerchantRegistrationTest" time="9.483" errors="0" timestamp="2022-03-14T14:37:13 WAT" skipped="0">
  <testcase classname="merchant.MerchantRegistrationTest" name="ValidMerchantRegistration" time="9.483"/>
</testsuite> <!-- merchant.MerchantRegistrationTest -->
