<?xml version="1.0" encoding="UTF-8"?>
<!-- Generated by org.testng.reporters.JUnitReportReporter -->
<testsuite hostname="DESKTOP-EC1SC6K" failures="0" tests="1" name="merchant.GetStartedTest" time="8.313" errors="0" timestamp="2022-03-15T16:00:19 WAT" skipped="0">
  <testcase classname="merchant.GetStartedTest" name="CompleteKyc" time="8.313"/>
</testsuite> <!-- merchant.GetStartedTest -->
