<?xml version="1.0" encoding="UTF-8"?>
<!-- Generated by org.testng.reporters.JUnitReportReporter -->
<testsuite hostname="DESKTOP-EC1SC6K" failures="0" tests="6" name="merchant.LoginTest" time="50.635" errors="0" timestamp="2022-03-14T14:57:54 WAT" skipped="0">
  <testcase classname="merchant.LoginTest" name="validLogin" time="7.414"/>
  <testcase classname="merchant.LoginTest" name="validLogin" time="7.414"/>
  <testcase classname="merchant.LoginTest" name="validLogin" time="7.459"/>
  <testcase classname="merchant.LoginTest" name="validLogin" time="7.658"/>
  <testcase classname="merchant.LoginTest" name="NavigateToRegistrationPage" time="9.222"/>
  <testcase classname="merchant.LoginTest" name="validLogin" time="11.468"/>
</testsuite> <!-- merchant.LoginTest -->
