<?xml version="1.0" encoding="UTF-8"?>
<!-- Generated by org.testng.reporters.JUnitReportReporter -->
<testsuite hostname="DESKTOP-EC1SC6K" failures="0" tests="1" name="merchant.RegistrationTest" time="19.694" errors="0" timestamp="2022-03-15T13:53:52 WAT" skipped="0">
  <testcase classname="merchant.RegistrationTest" name="ValidMerchantRegistration" time="19.694"/>
</testsuite> <!-- merchant.RegistrationTest -->
